{"numFailedTestSuites":1,"numFailedTests":3,"numPassedTestSuites":6,"numPassedTests":31,"numPendingTestSuites":0,"numPendingTests":0,"numRuntimeErrorTestSuites":0,"numTodoTests":0,"numTotalTestSuites":7,"numTotalTests":34,"openHandles":[],"snapshot":{"added":0,"didUpdate":false,"failure":false,"filesAdded":0,"filesRemoved":0,"filesRemovedList":[],"filesUnmatched":0,"filesUpdated":0,"matched":0,"total":0,"unchecked":0,"uncheckedKeysByFile":[],"unmatched":0,"updated":0},"startTime":1788973743066,"success":false,"testResults":[{"assertionResults":[{"ancestorTitles":[],"duration":42,"failureDetails":[],"failureMessages":[],"fullName":"displays the navigation links","invocations":1,"location":null,"numPassingAsserts":3,"retryReasons":[],"status":"passed","title":"displays the navigation links"},{"ancestorTitles":[],"duration":8,"failureDetails":[{"matcherResult":{"pass":false,"message":"expect(element).toHaveClass(\"bg-slate-700 text-white\")\n\nExpected the element to have class:\n  bg-slate-700 text-white\nReceived:\n  flex w-full items-center gap-3 rounded-xl px-4 py-3 text-base font-medium transition bg-blue-600 text-white shadow-sm"}}],"failureMessages":["Error: expect(element).toHaveClass(\"bg-slate-700 text-white\")\n\nExpected the element to have class:\n  bg-slate-700 text-white\nReceived:\n  flex w-full items-center gap-3 rounded-xl px-4 py-3 text-base font-medium transition bg-blue-600 text-white shadow-sm\n    at Object.<anonymous> (C:\\Users\\ASUS-16\\Documents\\projets\\admin-dashboard\\app\\(dashboard)\\SidebarNav.test.tsx:21:59)\n    at Promise.then.completed (C:\\Users\\ASUS-16\\Documents\\projets\\admin-dashboard\\node_modules\\jest-circus\\build\\utils.js:298:28)\n    at new Promise (<anonymous>)\n    at callAsyncCircusFn (C:\\Users\\ASUS-16\\Documents\\projets\\admin-dashboard\\node_modules\\jest-circus\\build\\utils.js:231:10)\n    at _callCircusTest (C:\\Users\\ASUS-16\\Documents\\projets\\admin-dashboard\\node_modules\\jest-circus\\build\\run.js:316:40)\n    at async _runTest (C:\\Users\\ASUS-16\\Documents\\projets\\admin-dashboard\\node_modules\\jest-circus\\build\\run.js:252:3)\n    at async _runTestsForDescribeBlock (C:\\Users\\ASUS-16\\Documents\\projets\\admin-dashboard\\node_modules\\jest-circus\\build\\run.js:126:9)\n    at async run (C:\\Users\\ASUS-16\\Documents\\projets\\admin-dashboard\\node_modules\\jest-circus\\build\\run.js:71:3)\n    at async runAndTransformResultsToJestFormat (C:\\Users\\ASUS-16\\Documents\\projets\\admin-dashboard\\node_modules\\jest-circus\\build\\legacy-code-todo-rewrite\\jestAdapterInit.js:122:21)\n    at async jestAdapter (C:\\Users\\ASUS-16\\Documents\\projets\\admin-dashboard\\node_modules\\jest-circus\\build\\legacy-code-todo-rewrite\\jestAdapter.js:79:19)\n    at async runTestInternal (C:\\Users\\ASUS-16\\Documents\\projets\\admin-dashboard\\node_modules\\jest-runner\\build\\runTest.js:367:16)\n    at async runTest (C:\\Users\\ASUS-16\\Documents\\projets\\admin-dashboard\\node_modules\\jest-runner\\build\\runTest.js:444:34)"],"fullName":"marks Dashboard as active on dashboard route","invocations":1,"location":null,"numPassingAsserts":0,"retryReasons":[],"status":"failed","title":"marks Dashboard as active on dashboard route"},{"ancestorTitles":[],"duration":6,"failureDetails":[{"matcherResult":{"pass":false,"message":"expect(element).toHaveClass(\"bg-slate-700 text-white\")\n\nExpected the element to have class:\n  bg-slate-700 text-white\nReceived:\n  flex w-full items-center gap-3 rounded-xl px-4 py-3 text-base font-medium transition bg-blue-600 text-white shadow-sm"}}],"failureMessages":["Error: expect(element).toHaveClass(\"bg-slate-700 text-white\")\n\nExpected the element to have class:\n  bg-slate-700 text-white\nReceived:\n  flex w-full items-center gap-3 rounded-xl px-4 py-3 text-base font-medium transition bg-blue-600 text-white shadow-sm\n    at Object.<anonymous> (C:\\Users\\ASUS-16\\Documents\\projets\\admin-dashboard\\app\\(dashboard)\\SidebarNav.test.tsx:32:55)\n    at Promise.then.completed (C:\\Users\\ASUS-16\\Documents\\projets\\admin-dashboard\\node_modules\\jest-circus\\build\\utils.js:298:28)\n    at new Promise (<anonymous>)\n    at callAsyncCircusFn (C:\\Users\\ASUS-16\\Documents\\projets\\admin-dashboard\\node_modules\\jest-circus\\build\\utils.js:231:10)\n    at _callCircusTest (C:\\Users\\ASUS-16\\Documents\\projets\\admin-dashboard\\node_modules\\jest-circus\\build\\run.js:316:40)\n    at async _runTest (C:\\Users\\ASUS-16\\Documents\\projets\\admin-dashboard\\node_modules\\jest-circus\\build\\run.js:252:3)\n    at async _runTestsForDescribeBlock (C:\\Users\\ASUS-16\\Documents\\projets\\admin-dashboard\\node_modules\\jest-circus\\build\\run.js:126:9)\n    at async run (C:\\Users\\ASUS-16\\Documents\\projets\\admin-dashboard\\node_modules\\jest-circus\\build\\run.js:71:3)\n    at async runAndTransformResultsToJestFormat (C:\\Users\\ASUS-16\\Documents\\projets\\admin-dashboard\\node_modules\\jest-circus\\build\\legacy-code-todo-rewrite\\jestAdapterInit.js:122:21)\n    at async jestAdapter (C:\\Users\\ASUS-16\\Documents\\projets\\admin-dashboard\\node_modules\\jest-circus\\build\\legacy-code-todo-rewrite\\jestAdapter.js:79:19)\n    at async runTestInternal (C:\\Users\\ASUS-16\\Documents\\projets\\admin-dashboard\\node_modules\\jest-runner\\build\\runTest.js:367:16)\n    at async runTest (C:\\Users\\ASUS-16\\Documents\\projets\\admin-dashboard\\node_modules\\jest-runner\\build\\runTest.js:444:34)"],"fullName":"marks Users as active on users route","invocations":1,"location":null,"numPassingAsserts":0,"retryReasons":[],"status":"failed","title":"marks Users as active on users route"},{"ancestorTitles":[],"duration":6,"failureDetails":[{"matcherResult":{"pass":false,"message":"expect(element).toHaveClass(\"bg-slate-700 text-white\")\n\nExpected the element to have class:\n  bg-slate-700 text-white\nReceived:\n  flex w-full items-center gap-3 rounded-xl px-4 py-3 text-base font-medium transition bg-blue-600 text-white shadow-sm"}}],"failureMessages":["Error: expect(element).toHaveClass(\"bg-slate-700 text-white\")\n\nExpected the element to have class:\n  bg-slate-700 text-white\nReceived:\n  flex w-full items-center gap-3 rounded-xl px-4 py-3 text-base font-medium transition bg-blue-600 text-white shadow-sm\n    at Object.<anonymous> (C:\\Users\\ASUS-16\\Documents\\projets\\admin-dashboard\\app\\(dashboard)\\SidebarNav.test.tsx:43:56)\n    at Promise.then.completed (C:\\Users\\ASUS-16\\Documents\\projets\\admin-dashboard\\node_modules\\jest-circus\\build\\utils.js:298:28)\n    at new Promise (<anonymous>)\n    at callAsyncCircusFn (C:\\Users\\ASUS-16\\Documents\\projets\\admin-dashboard\\node_modules\\jest-circus\\build\\utils.js:231:10)\n    at _callCircusTest (C:\\Users\\ASUS-16\\Documents\\projets\\admin-dashboard\\node_modules\\jest-circus\\build\\run.js:316:40)\n    at async _runTest (C:\\Users\\ASUS-16\\Documents\\projets\\admin-dashboard\\node_modules\\jest-circus\\build\\run.js:252:3)\n    at async _runTestsForDescribeBlock (C:\\Users\\ASUS-16\\Documents\\projets\\admin-dashboard\\node_modules\\jest-circus\\build\\run.js:126:9)\n    at async run (C:\\Users\\ASUS-16\\Documents\\projets\\admin-dashboard\\node_modules\\jest-circus\\build\\run.js:71:3)\n    at async runAndTransformResultsToJestFormat (C:\\Users\\ASUS-16\\Documents\\projets\\admin-dashboard\\node_modules\\jest-circus\\build\\legacy-code-todo-rewrite\\jestAdapterInit.js:122:21)\n    at async jestAdapter (C:\\Users\\ASUS-16\\Documents\\projets\\admin-dashboard\\node_modules\\jest-circus\\build\\legacy-code-todo-rewrite\\jestAdapter.js:79:19)\n    at async runTestInternal (C:\\Users\\ASUS-16\\Documents\\projets\\admin-dashboard\\node_modules\\jest-runner\\build\\runTest.js:367:16)\n    at async runTest (C:\\Users\\ASUS-16\\Documents\\projets\\admin-dashboard\\node_modules\\jest-runner\\build\\runTest.js:444:34)"],"fullName":"marks Orders as active on order detail route","invocations":1,"location":null,"numPassingAsserts":0,"retryReasons":[],"status":"failed","title":"marks Orders as active on order detail route"}],"endTime":1788973743894,"message":"  ● marks Dashboard as active on dashboard route\n\n    expect(element).toHaveClass(\"bg-slate-700 text-white\")\n\n    Expected the element to have class:\n      bg-slate-700 text-white\n    Received:\n      flex w-full items-center gap-3 rounded-xl px-4 py-3 text-base font-medium transition bg-blue-600 text-white shadow-sm\n\n    \u001b[0m \u001b[90m 19 |\u001b[39m   render(\u001b[33m<\u001b[39m\u001b[33mSidebarNav\u001b[39m \u001b[33m/\u001b[39m\u001b[33m>\u001b[39m)\u001b[33m;\u001b[39m\n     \u001b[90m 20 |\u001b[39m\n    \u001b[31m\u001b[1m>\u001b[22m\u001b[39m\u001b[90m 21 |\u001b[39m   expect(screen\u001b[33m.\u001b[39mgetByRole(\u001b[32m\"link\"\u001b[39m\u001b[33m,\u001b[39m { name\u001b[33m:\u001b[39m \u001b[32m\"Dashboard\"\u001b[39m }))\u001b[33m.\u001b[39mtoHaveClass(\n     \u001b[90m    |\u001b[39m                                                           \u001b[31m\u001b[1m^\u001b[22m\u001b[39m\n     \u001b[90m 22 |\u001b[39m     \u001b[32m\"bg-slate-700\"\u001b[39m\u001b[33m,\u001b[39m\n     \u001b[90m 23 |\u001b[39m     \u001b[32m\"text-white\"\u001b[39m\u001b[33m,\u001b[39m\n     \u001b[90m 24 |\u001b[39m   )\u001b[33m;\u001b[39m\u001b[0m\n\n      at Object.<anonymous> (C:\\Users\\ASUS-16\\Documents\\projets\\admin-dashboard\\app\\(dashboard)../../../../../SidebarNav.test.tsx:21:59)\n\n  ● marks Users as active on users route\n\n    expect(element).toHaveClass(\"bg-slate-700 text-white\")\n\n    Expected the element to have class:\n      bg-slate-700 text-white\n    Received:\n      flex w-full items-center gap-3 rounded-xl px-4 py-3 text-base font-medium transition bg-blue-600 text-white shadow-sm\n\n    \u001b[0m \u001b[90m 30 |\u001b[39m   render(\u001b[33m<\u001b[39m\u001b[33mSidebarNav\u001b[39m \u001b[33m/\u001b[39m\u001b[33m>\u001b[39m)\u001b[33m;\u001b[39m\n     \u001b[90m 31 |\u001b[39m\n    \u001b[31m\u001b[1m>\u001b[22m\u001b[39m\u001b[90m 32 |\u001b[39m   expect(screen\u001b[33m.\u001b[39mgetByRole(\u001b[32m\"link\"\u001b[39m\u001b[33m,\u001b[39m { name\u001b[33m:\u001b[39m \u001b[32m\"Users\"\u001b[39m }))\u001b[33m.\u001b[39mtoHaveClass(\n     \u001b[90m    |\u001b[39m                                                       \u001b[31m\u001b[1m^\u001b[22m\u001b[39m\n     \u001b[90m 33 |\u001b[39m     \u001b[32m\"bg-slate-700\"\u001b[39m\u001b[33m,\u001b[39m\n     \u001b[90m 34 |\u001b[39m     \u001b[32m\"text-white\"\u001b[39m\u001b[33m,\u001b[39m\n     \u001b[90m 35 |\u001b[39m   )\u001b[33m;\u001b[39m\u001b[0m\n\n      at Object.<anonymous> (C:\\Users\\ASUS-16\\Documents\\projets\\admin-dashboard\\app\\(dashboard)../../../../../SidebarNav.test.tsx:32:55)\n\n  ● marks Orders as active on order detail route\n\n    expect(element).toHaveClass(\"bg-slate-700 text-white\")\n\n    Expected the element to have class:\n      bg-slate-700 text-white\n    Received:\n      flex w-full items-center gap-3 rounded-xl px-4 py-3 text-base font-medium transition bg-blue-600 text-white shadow-sm\n\n    \u001b[0m \u001b[90m 41 |\u001b[39m   render(\u001b[33m<\u001b[39m\u001b[33mSidebarNav\u001b[39m \u001b[33m/\u001b[39m\u001b[33m>\u001b[39m)\u001b[33m;\u001b[39m\n     \u001b[90m 42 |\u001b[39m\n    \u001b[31m\u001b[1m>\u001b[22m\u001b[39m\u001b[90m 43 |\u001b[39m   expect(screen\u001b[33m.\u001b[39mgetByRole(\u001b[32m\"link\"\u001b[39m\u001b[33m,\u001b[39m { name\u001b[33m:\u001b[39m \u001b[32m\"Orders\"\u001b[39m }))\u001b[33m.\u001b[39mtoHaveClass(\n     \u001b[90m    |\u001b[39m                                                        \u001b[31m\u001b[1m^\u001b[22m\u001b[39m\n     \u001b[90m 44 |\u001b[39m     \u001b[32m\"bg-slate-700\"\u001b[39m\u001b[33m,\u001b[39m\n     \u001b[90m 45 |\u001b[39m     \u001b[32m\"text-white\"\u001b[39m\u001b[33m,\u001b[39m\n     \u001b[90m 46 |\u001b[39m   )\u001b[33m;\u001b[39m\u001b[0m\n\n      at Object.<anonymous> (C:\\Users\\ASUS-16\\Documents\\projets\\admin-dashboard\\app\\(dashboard)../../../../../SidebarNav.test.tsx:43:56)\n","name":"C:\\Users\\ASUS-16\\Documents\\projets\\admin-dashboard\\app\\(dashboard)\\SidebarNav.test.tsx","startTime":1788973743362,"status":"failed","summary":""},{"assertionResults":[{"ancestorTitles":[],"duration":15,"failureDetails":[],"failureMessages":[],"fullName":"displays users from the database","invocations":1,"location":null,"numPassingAsserts":2,"retryReasons":[],"status":"passed","title":"displays users from the database"},{"ancestorTitles":[],"duration":18,"failureDetails":[],"failureMessages":[],"fullName":"displays Make admin for a regular user","invocations":1,"location":null,"numPassingAsserts":1,"retryReasons":[],"status":"passed","title":"displays Make admin for a regular user"},{"ancestorTitles":[],"duration":11,"failureDetails":[],"failureMessages":[],"fullName":"displays Remove admin for an admin user","invocations":1,"location":null,"numPassingAsserts":1,"retryReasons":[],"status":"passed","title":"displays Remove admin for an admin user"},{"ancestorTitles":[],"duration":2,"failureDetails":[],"failureMessages":[],"fullName":"displays the empty state when there are no users","invocations":1,"location":null,"numPassingAsserts":1,"retryReasons":[],"status":"passed","title":"displays the empty state when there are no users"},{"ancestorTitles":[],"duration":13,"failureDetails":[],"failureMessages":[],"fullName":"filters users by name or email","invocations":1,"location":null,"numPassingAsserts":2,"retryReasons":[],"status":"passed","title":"filters users by name or email"},{"ancestorTitles":[],"duration":7,"failureDetails":[],"failureMessages":[],"fullName":"filters users by role","invocations":1,"location":null,"numPassingAsserts":2,"retryReasons":[],"status":"passed","title":"filters users by role"},{"ancestorTitles":[],"duration":14,"failureDetails":[],"failureMessages":[],"fullName":"sorts users by email","invocations":1,"location":null,"numPassingAsserts":1,"retryReasons":[],"status":"passed","title":"sorts users by email"},{"ancestorTitles":[],"duration":21,"failureDetails":[],"failureMessages":[],"fullName":"sorts users by role","invocations":1,"location":null,"numPassingAsserts":1,"retryReasons":[],"status":"passed","title":"sorts users by role"},{"ancestorTitles":[],"duration":19,"failureDetails":[],"failureMessages":[],"fullName":"paginates users","invocations":1,"location":null,"numPassingAsserts":5,"retryReasons":[],"status":"passed","title":"paginates users"}],"endTime":1788973744210,"message":"","name":"C:\\Users\\ASUS-16\\Documents\\projets\\admin-dashboard\\app\\(dashboard)\\users\\page.test.tsx","startTime":1788973743903,"status":"passed","summary":""},{"assertionResults":[{"ancestorTitles":[],"duration":12,"failureDetails":[],"failureMessages":[],"fullName":"displays orders from the database","invocations":1,"location":null,"numPassingAsserts":2,"retryReasons":[],"status":"passed","title":"displays orders from the database"},{"ancestorTitles":[],"duration":16,"failureDetails":[],"failureMessages":[],"fullName":"displays the current order status","invocations":1,"location":null,"numPassingAsserts":1,"retryReasons":[],"status":"passed","title":"displays the current order status"},{"ancestorTitles":[],"duration":7,"failureDetails":[],"failureMessages":[],"fullName":"displays the order detail link","invocations":1,"location":null,"numPassingAsserts":1,"retryReasons":[],"status":"passed","title":"displays the order detail link"},{"ancestorTitles":[],"duration":2,"failureDetails":[],"failureMessages":[],"fullName":"displays the empty state when there are no orders","invocations":1,"location":null,"numPassingAsserts":1,"retryReasons":[],"status":"passed","title":"displays the empty state when there are no orders"},{"ancestorTitles":[],"duration":10,"failureDetails":[],"failureMessages":[],"fullName":"filters orders by email","invocations":1,"location":null,"numPassingAsserts":2,"retryReasons":[],"status":"passed","title":"filters orders by email"},{"ancestorTitles":[],"duration":16,"failureDetails":[],"failureMessages":[],"fullName":"filters orders by status","invocations":1,"location":null,"numPassingAsserts":2,"retryReasons":[],"status":"passed","title":"filters orders by status"},{"ancestorTitles":[],"duration":17,"failureDetails":[],"failureMessages":[],"fullName":"sorts orders by email","invocations":1,"location":null,"numPassingAsserts":1,"retryReasons":[],"status":"passed","title":"sorts orders by email"},{"ancestorTitles":[],"duration":21,"failureDetails":[],"failureMessages":[],"fullName":"paginates orders","invocations":1,"location":null,"numPassingAsserts":5,"retryReasons":[],"status":"passed","title":"paginates orders"},{"ancestorTitles":[],"duration":4,"failureDetails":[],"failureMessages":[],"fullName":"displays order reference and amount","invocations":1,"location":null,"numPassingAsserts":2,"retryReasons":[],"status":"passed","title":"displays order reference and amount"}],"endTime":1788973744417,"message":"","name":"C:\\Users\\ASUS-16\\Documents\\projets\\admin-dashboard\\app\\(dashboard)\\orders\\page.test.tsx","startTime":1788973744217,"status":"passed","summary":""},{"assertionResults":[{"ancestorTitles":[],"duration":17,"failureDetails":[],"failureMessages":[],"fullName":"displays the login page heading","invocations":1,"location":null,"numPassingAsserts":2,"retryReasons":[],"status":"passed","title":"displays the login page heading"},{"ancestorTitles":[],"duration":5,"failureDetails":[],"failureMessages":[],"fullName":"prefills the username field","invocations":1,"location":null,"numPassingAsserts":1,"retryReasons":[],"status":"passed","title":"prefills the username field"},{"ancestorTitles":[],"duration":4,"failureDetails":[],"failureMessages":[],"fullName":"prefills the password field","invocations":1,"location":null,"numPassingAsserts":1,"retryReasons":[],"status":"passed","title":"prefills the password field"}],"endTime":1788973744570,"message":"","name":"C:\\Users\\ASUS-16\\Documents\\projets\\admin-dashboard\\app\\login\\page.test.tsx","startTime":1788973744425,"status":"passed","summary":""},{"assertionResults":[{"ancestorTitles":[],"duration":4,"failureDetails":[],"failureMessages":[],"fullName":"displays the users count","invocations":1,"location":null,"numPassingAsserts":1,"retryReasons":[],"status":"passed","title":"displays the users count"},{"ancestorTitles":[],"duration":1,"failureDetails":[],"failureMessages":[],"fullName":"displays the orders count","invocations":1,"location":null,"numPassingAsserts":1,"retryReasons":[],"status":"passed","title":"displays the orders count"},{"ancestorTitles":[],"duration":3,"failureDetails":[],"failureMessages":[],"fullName":"displays the orders status breakdown","invocations":1,"location":null,"numPassingAsserts":3,"retryReasons":[],"status":"passed","title":"displays the orders status breakdown"}],"endTime":1788973744653,"message":"","name":"C:\\Users\\ASUS-16\\Documents\\projets\\admin-dashboard\\app\\(dashboard)\\dashboard\\page.test.tsx","startTime":1788973744577,"status":"passed","summary":""},{"assertionResults":[{"ancestorTitles":[],"duration":6,"failureDetails":[],"failureMessages":[],"fullName":"displays the sign in button","invocations":1,"location":null,"numPassingAsserts":1,"retryReasons":[],"status":"passed","title":"displays the sign in button"},{"ancestorTitles":[],"duration":2,"failureDetails":[],"failureMessages":[],"fullName":"displays the loading state","invocations":1,"location":null,"numPassingAsserts":1,"retryReasons":[],"status":"passed","title":"displays the loading state"}],"endTime":1788973744742,"message":"","name":"C:\\Users\\ASUS-16\\Documents\\projets\\admin-dashboard\\app\\login\\LoginButton.test.tsx","startTime":1788973744659,"status":"passed","summary":""},{"assertionResults":[{"ancestorTitles":[],"duration":1,"failureDetails":[],"failureMessages":[],"fullName":"redirects unauthenticated dashboard requests to login","invocations":1,"location":null,"numPassingAsserts":1,"retryReasons":[],"status":"passed","title":"redirects unauthenticated dashboard requests to login"},{"ancestorTitles":[],"duration":0,"failureDetails":[],"failureMessages":[],"fullName":"allows authenticated dashboard requests","invocations":1,"location":null,"numPassingAsserts":1,"retryReasons":[],"status":"passed","title":"allows authenticated dashboard requests"},{"ancestorTitles":[],"duration":0,"failureDetails":[],"failureMessages":[],"fullName":"redirects unauthenticated users requests to login","invocations":1,"location":null,"numPassingAsserts":1,"retryReasons":[],"status":"passed","title":"redirects unauthenticated users requests to login"},{"ancestorTitles":[],"duration":0,"failureDetails":[],"failureMessages":[],"fullName":"redirects unauthenticated orders requests to login","invocations":1,"location":null,"numPassingAsserts":1,"retryReasons":[],"status":"passed","title":"redirects unauthenticated orders requests to login"}],"endTime":1788973744813,"message":"","name":"C:\\Users\\ASUS-16\\Documents\\projets\\admin-dashboard\\proxy.test.ts","startTime":1788973744748,"status":"passed","summary":""}],"wasInterrupted":false}
