{"numFailedTestSuites":1,"numFailedTests":1,"numPassedTestSuites":6,"numPassedTests":35,"numPendingTestSuites":0,"numPendingTests":0,"numRuntimeErrorTestSuites":0,"numTodoTests":0,"numTotalTestSuites":7,"numTotalTests":36,"openHandles":[],"snapshot":{"added":0,"didUpdate":false,"failure":false,"filesAdded":0,"filesRemoved":0,"filesRemovedList":[],"filesUnmatched":0,"filesUpdated":0,"matched":0,"total":0,"unchecked":0,"uncheckedKeysByFile":[],"unmatched":0,"updated":0},"startTime":1789140644883,"success":false,"testResults":[{"assertionResults":[{"ancestorTitles":[],"duration":34,"failureDetails":[],"failureMessages":[],"fullName":"displays orders from the database","invocations":1,"location":null,"numPassingAsserts":2,"retryReasons":[],"status":"passed","title":"displays orders from the database"},{"ancestorTitles":[],"duration":30,"failureDetails":[],"failureMessages":[],"fullName":"displays the current order status","invocations":1,"location":null,"numPassingAsserts":1,"retryReasons":[],"status":"passed","title":"displays the current order status"},{"ancestorTitles":[],"duration":8,"failureDetails":[],"failureMessages":[],"fullName":"displays the order detail link","invocations":1,"location":null,"numPassingAsserts":1,"retryReasons":[],"status":"passed","title":"displays the order detail link"},{"ancestorTitles":[],"duration":4,"failureDetails":[],"failureMessages":[],"fullName":"displays the empty state when there are no orders","invocations":1,"location":null,"numPassingAsserts":1,"retryReasons":[],"status":"passed","title":"displays the empty state when there are no orders"},{"ancestorTitles":[],"duration":18,"failureDetails":[],"failureMessages":[],"fullName":"filters orders by email","invocations":1,"location":null,"numPassingAsserts":2,"retryReasons":[],"status":"passed","title":"filters orders by email"},{"ancestorTitles":[],"duration":12,"failureDetails":[],"failureMessages":[],"fullName":"filters orders by status","invocations":1,"location":null,"numPassingAsserts":2,"retryReasons":[],"status":"passed","title":"filters orders by status"},{"ancestorTitles":[],"duration":29,"failureDetails":[],"failureMessages":[],"fullName":"sorts orders by email","invocations":1,"location":null,"numPassingAsserts":1,"retryReasons":[],"status":"passed","title":"sorts orders by email"},{"ancestorTitles":[],"duration":31,"failureDetails":[],"failureMessages":[],"fullName":"paginates orders","invocations":1,"location":null,"numPassingAsserts":5,"retryReasons":[],"status":"passed","title":"paginates orders"},{"ancestorTitles":[],"duration":8,"failureDetails":[{"name":"TestingLibraryElementError"}],"failureMessages":["TestingLibraryElementError: Unable to find an element with the text: 49.90 €. This could be because the text is broken up by multiple elements. In this case, you can provide a function for your text matcher to make your matcher more flexible.\n\nIgnored nodes: comments, script, style\n\u001b[36m<body>\u001b[39m\n  \u001b[36m<div>\u001b[39m\n    \u001b[36m<div\u001b[39m\n      \u001b[33mclass\u001b[39m=\u001b[32m\"max-w-4xl\"\u001b[39m\n    \u001b[36m>\u001b[39m\n      \u001b[36m<h1\u001b[39m\n        \u001b[33mclass\u001b[39m=\u001b[32m\"mb-6 text-2xl font-semibold\"\u001b[39m\n      \u001b[36m>\u001b[39m\n        \u001b[0mOrders\u001b[0m\n      \u001b[36m</h1>\u001b[39m\n      \u001b[36m<div\u001b[39m\n        \u001b[33mclass\u001b[39m=\u001b[32m\"space-y-2\"\u001b[39m\n      \u001b[36m>\u001b[39m\n        \u001b[36m<form\u001b[39m\n          \u001b[33maction\u001b[39m=\u001b[32m\"javascript:throw new Error('A React form was unexpectedly submitted. If you called form.submit() manually, consider using form.requestSubmit() instead. If you\\\\'re trying to use event.stopPropagation() in a submit event handler, consider also calling event.preventDefault().')\"\u001b[39m\n          \u001b[33mclass\u001b[39m=\u001b[32m\"mb-6 rounded-xl border border-slate-200 bg-white p-4 shadow-sm\"\u001b[39m\n        \u001b[36m>\u001b[39m\n          \u001b[36m<h2\u001b[39m\n            \u001b[33mclass\u001b[39m=\u001b[32m\"mb-4 text-sm font-semibold text-slate-800\"\u001b[39m\n          \u001b[36m>\u001b[39m\n            \u001b[0mAdd order\u001b[0m\n          \u001b[36m</h2>\u001b[39m\n          \u001b[36m<div\u001b[39m\n            \u001b[33mclass\u001b[39m=\u001b[32m\"flex flex-col gap-3 sm:flex-row sm:items-end\"\u001b[39m\n          \u001b[36m>\u001b[39m\n            \u001b[36m<div\u001b[39m\n              \u001b[33mclass\u001b[39m=\u001b[32m\"flex-1\"\u001b[39m\n            \u001b[36m>\u001b[39m\n              \u001b[36m<label\u001b[39m\n                \u001b[33mclass\u001b[39m=\u001b[32m\"sr-only\"\u001b[39m\n                \u001b[33mfor\u001b[39m=\u001b[32m\"userId\"\u001b[39m\n              \u001b[36m>\u001b[39m\n                \u001b[0mUser\u001b[0m\n              \u001b[36m</label>\u001b[39m\n              \u001b[36m<select\u001b[39m\n                \u001b[33mclass\u001b[39m=\u001b[32m\"w-full rounded-lg border border-slate-200 bg-white px-3 py-2 text-sm text-slate-700\"\u001b[39m\n                \u001b[33mid\u001b[39m=\u001b[32m\"userId\"\u001b[39m\n                \u001b[33mname\u001b[39m=\u001b[32m\"userId\"\u001b[39m\n                \u001b[33mrequired\u001b[39m=\u001b[32m\"\"\u001b[39m\n              \u001b[36m>\u001b[39m\n                \u001b[36m<option\u001b[39m\n                  \u001b[33mdisabled\u001b[39m=\u001b[32m\"\"\u001b[39m\n                  \u001b[33mselected\u001b[39m=\u001b[32m\"\"\u001b[39m\n                  \u001b[33mvalue\u001b[39m=\u001b[32m\"\"\u001b[39m\n                \u001b[36m>\u001b[39m\n                  \u001b[0mSelect user...\u001b[0m\n                \u001b[36m</option>\u001b[39m\n                \u001b[36m<option\u001b[39m\n                  \u001b[33mvalue\u001b[39m=\u001b[32m\"1\"\u001b[39m\n                \u001b[36m>\u001b[39m\n                  \u001b[0mJohn Doe — john@example.com\u001b[0m\n                \u001b[36m</option>\u001b[39m\n              \u001b[36m</select>\u001b[39m\n            \u001b[36m</div>\u001b[39m\n            \u001b[36m<div>\u001b[39m\n              \u001b[36m<label\u001b[39m\n                \u001b[33mclass\u001b[39m=\u001b[32m\"sr-only\"\u001b[39m\n                \u001b[33mfor\u001b[39m=\u001b[32m\"amount\"\u001b[39m\n              \u001b[36m>\u001b[39m\n                \u001b[0mAmount\u001b[0m\n              \u001b[36m</label>\u001b[39m\n              \u001b[36m<input\u001b[39m\n                \u001b[33mclass\u001b[39m=\u001b[32m\"w-32 rounded-lg border border-slate-200 bg-white px-3 py-2 text-sm text-slate-700\"\u001b[39m\n                \u001b[33mid\u001b[39m=\u001b[32m\"amount\"\u001b[39m\n                \u001b[33mmin\u001b[39m=\u001b[32m\"0.01\"\u001b[39m\n                \u001b[33mname\u001b[39m=\u001b[32m\"amount\"\u001b[39m\n                \u001b[33mplaceholder\u001b[39m=\u001b[32m\"Amount\"\u001b[39m\n                \u001b[33mrequired\u001b[39m=\u001b[32m\"\"\u001b[39m\n                \u001b[33mstep\u001b[39m=\u001b[32m\"0.01\"\u001b[39m\n                \u001b[33mtype\u001b[39m=\u001b[32m\"number\"\u001b[39m\n              \u001b[36m/>\u001b[39m\n            \u001b[36m</div>\u001b[39m\n            \u001b[36m<input\u001b[39m\n              \u001b[33mname\u001b[39m=\u001b[32m\"status\"\u001b[39m\n              \u001b[33mtype\u001b[39m=\u001b[32m\"hidden\"\u001b[39m\n              \u001b[33mvalue\u001b[39m=\u001b[32m\"pending\"\u001b[39m\n            \u001b[36m/>\u001b[39m\n            \u001b[36m<button\u001b[39m\n              \u001b[33mclass\u001b[39m=\u001b[32m\"cursor-pointer rounded-lg bg-blue-600 px-4 py-2 text-sm font-medium text-white transition hover:bg-blue-500\"\u001b[39m\n              \u001b[33mtype\u001b[39m=\u001b[32m\"submit\"\u001b[39m\n            \u001b[36m>\u001b[39m\n              \u001b[0mAdd order\u001b[0m\n            \u001b[36m</button>\u001b[39m\n          \u001b[36m</div>\u001b[39m\n        \u001b[36m</form>\u001b[39m\n        \u001b[36m<div>\u001b[39m\n          \u001b[36m<div\u001b[39m\n            \u001b[33mclass\u001b[39m=\u001b[32m\"mb-4 flex flex-col gap-3 rounded-xl border border-slate-200 bg-white p-3 shadow-sm lg:flex-row lg:items-center lg:justify-between\"\u001b[39m\n          \u001b[36m>\u001b[39m\n            \u001b[36m<div\u001b[39m\n              \u001b[33mclass\u001b[39m=\u001b[32m\"flex flex-col gap-2 sm:flex-row sm:items-center\"\u001b[39m\n            \u001b[36m>\u001b[39m\n              \u001b[36m<input\u001b[39m\n                \u001b[33maria-label\u001b[39m=\u001b[32m\"Search orders by email\"\u001b[39m\n                \u001b[33mclass\u001b[39m=\u001b[32m\"w-full rounded-lg border border-slate-200 bg-white px-4 py-2 text-base text-slate-700 outline-none transition focus:border-blue-500 sm:w-64\"\u001b[39m\n                \u001b[33mplaceholder\u001b[39m=\u001b[32m\"Search by email...\"\u001b[39m\n                \u001b[33mtype\u001b[39m=\u001b[32m\"search\"\u001b[39m\n                \u001b[33mvalue\u001b[39m=\u001b[32m\"\"\u001b[39m\n              \u001b[36m/>\u001b[39m\n              \u001b[36m<select\u001b[39m\n                \u001b[33maria-label\u001b[39m=\u001b[32m\"Filter orders by status\"\u001b[39m\n                \u001b[33mclass\u001b[39m=\u001b[32m\"rounded-lg border border-slate-200 bg-white px-4 py-2 text-base text-slate-700 outline-none transition focus:border-blue-500\"\u001b[39m\n              \u001b[36m>\u001b[39m\n                \u001b[36m<option\u001b[39m\n                  \u001b[33mvalue\u001b[39m=\u001b[32m\"\"\u001b[39m\n                \u001b[36m>\u001b[39m\n                  \u001b[0mAll statuses\u001b[0m\n                \u001b[36m</option>\u001b[39m\n                \u001b[36m<option\u001b[39m\n                  \u001b[33mvalue\u001b[39m=\u001b[32m\"pending\"\u001b[39m\n                \u001b[36m>\u001b[39m\n                  \u001b[0mPending\u001b[0m\n                \u001b[36m</option>\u001b[39m\n                \u001b[36m<option\u001b[39m\n                  \u001b[33mvalue\u001b[39m=\u001b[32m\"paid\"\u001b[39m\n                \u001b[36m>\u001b[39m\n                  \u001b[0mPaid\u001b[0m\n                \u001b[36m</option>\u001b[39m\n                \u001b[36m<option\u001b[39m\n                  \u001b[33mvalue\u001b[39m=\u001b[32m\"shipped\"\u001b[39m\n                \u001b[36m>\u001b[39m\n                  \u001b[0mShipped\u001b[0m\n                \u001b[36m</option>\u001b[39m\n              \u001b[36m</select>\u001b[39m\n            \u001b[36m</div>\u001b[39m\n            \u001b[36m<div\u001b[39m\n              \u001b[33mclass\u001b[39m=\u001b[32m\"flex items-center gap-2\"\u001b[39m\n            \u001b[36m>\u001b[39m\n              \u001b[36m<span\u001b[39m\n                \u001b[33mclass\u001b[39m=\u001b[32m\"shrink-0 whitespace-nowrap text-base text-slate-500\"\u001b[39m\n              \u001b[36m>\u001b[39m\n                \u001b[0mSort by :\u001b[0m\n              \u001b[36m</span>\u001b[39m\n              \u001b[36m<button\u001b[39m\n                \u001b[33mclass\u001b[39m=\u001b[32m\"cursor-pointer rounded-lg px-4 py-2 text-sm font-medium transition border border-slate-200 bg-slate-100 text-slate-700 hover:bg-slate-200\"\u001b[39m\n                \u001b[33mtype\u001b[39m=\u001b[32m\"button\"\u001b[39m\n              \u001b[36m>\u001b[39m\n                \u001b[0mEmail\u001b[0m\n              \u001b[36m</button>\u001b[39m\n              \u001b[36m<button\u001b[39m\n                \u001b[33mclass\u001b[39m=\u001b[32m\"cursor-pointer rounded-lg px-4 py-2 text-sm font-medium transition border border-slate-200 bg-slate-100 text-slate-700 hover:bg-slate-200\"\u001b[39m\n                \u001b[33mtype\u001b[39m=\u001b[32m\"button\"\u001b[39m\n              \u001b[36m>\u001b[39m\n                \u001b[0mStatus\u001b[0m\n              \u001b[36m</button>\u001b[39m\n            \u001b[36m</div>\u001b[39m\n          \u001b[36m</div>\u001b[39m\n          \u001b[36m<div\u001b[39m\n            \u001b[33mclass\u001b[39m=\u001b[32m\"w-full overflow-hidden rounded-xl border border-slate-200 bg-slate-50 shadow-sm\"\u001b[39m\n          \u001b[36m>\u001b[39m\n            \u001b[36m<div\u001b[39m\n              \u001b[33mclass\u001b[39m=\u001b[32m\"hidden border-b border-slate-200 bg-slate-100 px-5 py-3 text-sm font-semibold text-slate-600 lg:grid lg:grid-cols-[140px_110px_220px_auto] lg:items-center lg:gap-4\"\u001b[39m\n            \u001b[36m>\u001b[39m\n              \u001b[36m<span>\u001b[39m\n                \u001b[0mReference\u001b[0m\n              \u001b[36m</span>\u001b[39m\n              \u001b[36m<span>\u001b[39m\n                \u001b[0mAmount\u001b[0m\n              \u001b[36m</span>\u001b[39m\n              \u001b[36m<span>\u001b[39m\n                \u001b[0mCustomer\u001b[0m\n              \u001b[36m</span>\u001b[39m\n              \u001b[36m<span>\u001b[39m\n                \u001b[0mStatus / Actions\u001b[0m\n              \u001b[36m</span>\u001b[39m\n            \u001b[36m</div>\u001b[39m\n            \u001b[36m<div\u001b[39m\n              \u001b[33mclass\u001b[39m=\u001b[32m\"grid gap-4 border-b border-slate-200 px-5 py-4 text-base last:border-b-0 lg:grid-cols-[140px_110px_220px_auto] lg:items-center\"\u001b[39m\n            \u001b[36m>\u001b[39m\n              \u001b[36m<div>\u001b[39m\n                \u001b[0mORD-TEST-001\u001b[0m\n              \u001b[36m</div>\u001b[39m\n              \u001b[36m<div>\u001b[39m\n                \u001b[0m$49.90\u001b[0m\n              \u001b[36m</div>\u001b[39m\n              \u001b[36m<div>\u001b[39m\n                \u001b[36m<a\u001b[39m\n                  \u001b[33mclass\u001b[39m=\u001b[32m\"text-sm font-medium text-gray-800 hover:underline\"\u001b[39m\n                  \u001b[33mhref\u001b[39m=\u001b[32m\"/orders/1\"\u001b[39m\n                \u001b[36m>\u001b[39m\n                  \u001b[0mjohn@example.com\u001b[0m\n                \u001b[36m</a>\u001b[39m\n              \u001b[36m</div>\u001b[39m\n              \u001b[36m<div>\u001b[39m\n                \u001b[36m<div\u001b[39m\n                  \u001b[33mclass\u001b[39m=\u001b[32m\"flex items-center gap-2\"\u001b[39m\n                \u001b[36m>\u001b[39m\n                  \u001b[36m<form\u001b[39m\n                    \u001b[33maction\u001b[39m=\u001b[32m\"javascript:throw new Error('A React form was unexpectedly submitted. If you called form.submit() manually, consider using form.requestSubmit() instead. If you\\\\'re trying to use event.stopPropagation() in a submit event handler, consider also calling event.preventDefault().')\"\u001b[39m\n                    \u001b[33mclass\u001b[39m=\u001b[32m\"flex items-center gap-2\"\u001b[39m\n                  \u001b[36m>\u001b[39m\n                    \u001b[36m<input\u001b[39m\n                      \u001b[33mname\u001b[39m=\u001b[32m\"id\"\u001b[39m\n                      \u001b[33mtype\u001b[39m=\u001b[32m\"hidden\"\u001b[39m\n                      \u001b[33mvalue\u001b[39m=\u001b[32m\"1\"\u001b[39m\n                    \u001b[36m/>\u001b[39m\n                    \u001b[36m<select\u001b[39m\n                      \u001b[33maria-label\u001b[39m=\u001b[32m\"Order status\"\u001b[39m\n                      \u001b[33mclass\u001b[39m=\u001b[32m\"rounded-lg border border-slate-200 bg-white px-3 py-2 text-sm text-slate-700\"\u001b[39m\n                      \u001b[33mname\u001b[39m=\u001b[32m\"status\"\u001b[39m\n                      \u001b[33mrequired\u001b[39m=\u001b[32m\"\"\u001b[39m\n                    \u001b[36m>\u001b[39m\n                      \u001b[36m<option\u001b[39m\n                        \u001b[33mselected\u001b[39m=\u001b[32m\"\"\u001b[39m\n                        \u001b[33mvalue\u001b[39m=\u001b[32m\"pending\"\u001b[39m\n                      \u001b[36m>\u001b[39m\n                        \u001b[0mPending\u001b[0m\n                      \u001b[36m</option>\u001b[39m\n                      \u001b[36m<option\u001b[39m\n                        \u001b[33mvalue\u001b[39m=\u001b[32m\"paid\"\u001b[39m\n                      \u001b[36m>\u001b[39m\n                        \u001b[0mPaid\u001b[0m\n                      \u001b[36m</option>\u001b[39m\n                      \u001b[36m<option\u001b[39m\n                        \u001b[33mvalue\u001b[39m=\u001b[32m\"shipped\"\u001b[39m\n                      \u001b[36m>\u001b[39m\n                        \u001b[0mShipped\u001b[0m\n                      \u001b[36m</option>\u001b[39m\n                    \u001b[36m</select>\u001b[39m\n                    \u001b[36m<button\u001b[39m\n                      \u001b[33mclass\u001b[39m=\u001b[32m\"cursor-pointer rounded-lg border border-slate-700 bg-slate-700 px-4 py-2 text-sm font-medium text-white transition hover:bg-slate-600\"\u001b[39m\n                      \u001b[33mtype\u001b[39m=\u001b[32m\"submit\"\u001b[39m\n                    \u001b[36m>\u001b[39m\n                      \u001b[0mUpdate\u001b[0m\n                    \u001b[36m</button>\u001b[39m\n                  \u001b[36m</form>\u001b[39m\n                  \u001b[36m<form\u001b[39m\n                    \u001b[33maction\u001b[39m=\u001b[32m\"javascript:throw new Error('A React form was unexpectedly submitted. If you called form.submit() manually, consider using form.requestSubmit() instead. If you\\\\'re trying to use event.stopPropagation() in a submit event handler, consider also calling event.preventDefault().')\"\u001b[39m\n                  \u001b[36m>\u001b[39m\n                    \u001b[36m<input\u001b[39m\n                      \u001b[33mname\u001b[39m=\u001b[32m\"id\"\u001b[39m\n                      \u001b[33mtype\u001b[39m=\u001b[32m\"hidden\"\u001b[39m\n                      \u001b[33mvalue\u001b[39m=\u001b[32m\"1\"\u001b[39m\n                    \u001b[36m/>\u001b[39m\n                    \u001b[36m<button\u001b[39m\n                      \u001b[33mclass\u001b[39m=\u001b[32m\"cursor-pointer rounded-lg border border-red-200 px-4 py-2 text-base font-medium text-red-600 transition hover:bg-red-50\"\u001b[39m\n                      \u001b[33mtype\u001b[39m=\u001b[32m\"submit\"\u001b[39m\n                    \u001b[36m>\u001b[39m\n                      \u001b[0mDelete\u001b[0m\n                    \u001b[36m</button>\u001b[39m\n                  \u001b[36m</form>\u001b[39m\n                \u001b[36m</div>\u001b[39m\n              \u001b[36m</div>\u001b[39m\n            \u001b[36m</div>\u001b[39m\n          \u001b[36m</div>\u001b[39m\n          \u001b[36m<div\u001b[39m\n            \u001b[33mclass\u001b[39m=\u001b[32m\"mt-4 flex items-center gap-3\"\u001b[39m\n          \u001b[36m>\u001b[39m\n            \u001b[36m<button\u001b[39m\n              \u001b[33mclass\u001b[39m=\u001b[32m\"cursor-pointer rounded-lg border border-slate-200 bg-white px-4 py-2 text-base font-medium text-slate-700 transition hover:bg-slate-100 disabled:cursor-not-allowed disabled:opacity-40\"\u001b[39m\n              \u001b[33mdisabled\u001b[39m=\u001b[32m\"\"\u001b[39m\n              \u001b[33mtype\u001b[39m=\u001b[32m\"button\"\u001b[39m\n            \u001b[36m>\u001b[39m\n              \u001b[0mPrevious\u001b[0m\n            \u001b[36m</button>\u001b[39m\n            \u001b[36m<span\u001b[39m\n              \u001b[33mclass\u001b[39m=\u001b[32m\"text-base text-slate-600\"\u001b[39m\n            \u001b[36m>\u001b[39m\n              \u001b[0mPage \u001b[0m\n              \u001b[0m1\u001b[0m\n              \u001b[0m of \u001b[0m\n              \u001b[0m1\u001b[0m\n            \u001b[36m</span>\u001b[39m\n            \u001b[36m<button\u001b[39m\n              \u001b[33mclass\u001b[39m=\u001b[32m\"cursor-pointer rounded-lg border border-slate-200 bg-white px-4 py-2 text-base font-medium text-slate-700 transition hover:bg-slate-100 disabled:cursor-not-allowed disabled:opacity-40\"\u001b[39m\n              \u001b[33mdisabled\u001b[39m=\u001b[32m\"\"\u001b[39m\n              \u001b[33mtype\u001b[39m=\u001b[32m\"button\"\u001b[39m\n            \u001b[36m>\u001b[39m\n              \u001b[0mNext\u001b[0m\n            \u001b[36m</button>\u001b[39m\n          \u001b[36m</div>\u001b[39m\n        \u001b[36m</div>\u001b[39m\n      \u001b[36m</div>\u001b[39m\n    \u001b[36m</div>\u001b[39m\n  \u001b[36m</div>\u001b[39m\n\u001b[36m</body>\u001b[39m\n    at Object.getElementError (C:\\Users\\ASUS-16\\Documents\\projets\\admin-dashboard\\node_modules\\@testing-library\\dom\\dist\\config.js:37:19)\n    at C:\\Users\\ASUS-16\\Documents\\projets\\admin-dashboard\\node_modules\\@testing-library\\dom\\dist\\query-helpers.js:76:38\n    at C:\\Users\\ASUS-16\\Documents\\projets\\admin-dashboard\\node_modules\\@testing-library\\dom\\dist\\query-helpers.js:52:17\n    at getByText (C:\\Users\\ASUS-16\\Documents\\projets\\admin-dashboard\\node_modules\\@testing-library\\dom\\dist\\query-helpers.js:95:19)\n    at Object.<anonymous> (C:\\Users\\ASUS-16\\Documents\\projets\\admin-dashboard\\app\\(dashboard)\\orders\\page.test.tsx:205:17)"],"fullName":"displays order reference and amount","invocations":1,"location":null,"numPassingAsserts":1,"retryReasons":[],"status":"failed","title":"displays order reference and amount"}],"endTime":1789140645807,"message":"  ● displays order reference and amount\n\n    TestingLibraryElementError: Unable to find an element with the text: 49.90 €. This could be because the text is broken up by multiple elements. In this case, you can provide a function for your text matcher to make your matcher more flexible.\n\n    Ignored nodes: comments, script, style\n    \u001b[36m<body>\u001b[39m\n      \u001b[36m<div>\u001b[39m\n        \u001b[36m<div\u001b[39m\n          \u001b[33mclass\u001b[39m=\u001b[32m\"max-w-4xl\"\u001b[39m\n        \u001b[36m>\u001b[39m\n          \u001b[36m<h1\u001b[39m\n            \u001b[33mclass\u001b[39m=\u001b[32m\"mb-6 text-2xl font-semibold\"\u001b[39m\n          \u001b[36m>\u001b[39m\n            \u001b[0mOrders\u001b[0m\n          \u001b[36m</h1>\u001b[39m\n          \u001b[36m<div\u001b[39m\n            \u001b[33mclass\u001b[39m=\u001b[32m\"space-y-2\"\u001b[39m\n          \u001b[36m>\u001b[39m\n            \u001b[36m<form\u001b[39m\n              \u001b[33maction\u001b[39m=\u001b[32m\"javascript:throw new Error('A React form was unexpectedly submitted. If you called form.submit() manually, consider using form.requestSubmit() instead. If you\\\\'re trying to use event.stopPropagation() in a submit event handler, consider also calling event.preventDefault().')\"\u001b[39m\n              \u001b[33mclass\u001b[39m=\u001b[32m\"mb-6 rounded-xl border border-slate-200 bg-white p-4 shadow-sm\"\u001b[39m\n            \u001b[36m>\u001b[39m\n              \u001b[36m<h2\u001b[39m\n                \u001b[33mclass\u001b[39m=\u001b[32m\"mb-4 text-sm font-semibold text-slate-800\"\u001b[39m\n              \u001b[36m>\u001b[39m\n                \u001b[0mAdd order\u001b[0m\n              \u001b[36m</h2>\u001b[39m\n              \u001b[36m<div\u001b[39m\n                \u001b[33mclass\u001b[39m=\u001b[32m\"flex flex-col gap-3 sm:flex-row sm:items-end\"\u001b[39m\n              \u001b[36m>\u001b[39m\n                \u001b[36m<div\u001b[39m\n                  \u001b[33mclass\u001b[39m=\u001b[32m\"flex-1\"\u001b[39m\n                \u001b[36m>\u001b[39m\n                  \u001b[36m<label\u001b[39m\n                    \u001b[33mclass\u001b[39m=\u001b[32m\"sr-only\"\u001b[39m\n                    \u001b[33mfor\u001b[39m=\u001b[32m\"userId\"\u001b[39m\n                  \u001b[36m>\u001b[39m\n                    \u001b[0mUser\u001b[0m\n                  \u001b[36m</label>\u001b[39m\n                  \u001b[36m<select\u001b[39m\n                    \u001b[33mclass\u001b[39m=\u001b[32m\"w-full rounded-lg border border-slate-200 bg-white px-3 py-2 text-sm text-slate-700\"\u001b[39m\n                    \u001b[33mid\u001b[39m=\u001b[32m\"userId\"\u001b[39m\n                    \u001b[33mname\u001b[39m=\u001b[32m\"userId\"\u001b[39m\n                    \u001b[33mrequired\u001b[39m=\u001b[32m\"\"\u001b[39m\n                  \u001b[36m>\u001b[39m\n                    \u001b[36m<option\u001b[39m\n                      \u001b[33mdisabled\u001b[39m=\u001b[32m\"\"\u001b[39m\n                      \u001b[33mselected\u001b[39m=\u001b[32m\"\"\u001b[39m\n                      \u001b[33mvalue\u001b[39m=\u001b[32m\"\"\u001b[39m\n                    \u001b[36m>\u001b[39m\n                      \u001b[0mSelect user...\u001b[0m\n                    \u001b[36m</option>\u001b[39m\n                    \u001b[36m<option\u001b[39m\n                      \u001b[33mvalue\u001b[39m=\u001b[32m\"1\"\u001b[39m\n                    \u001b[36m>\u001b[39m\n                      \u001b[0mJohn Doe — john@example.com\u001b[0m\n                    \u001b[36m</option>\u001b[39m\n                  \u001b[36m</select>\u001b[39m\n                \u001b[36m</div>\u001b[39m\n                \u001b[36m<div>\u001b[39m\n                  \u001b[36m<label\u001b[39m\n                    \u001b[33mclass\u001b[39m=\u001b[32m\"sr-only\"\u001b[39m\n                    \u001b[33mfor\u001b[39m=\u001b[32m\"amount\"\u001b[39m\n                  \u001b[36m>\u001b[39m\n                    \u001b[0mAmount\u001b[0m\n                  \u001b[36m</label>\u001b[39m\n                  \u001b[36m<input\u001b[39m\n                    \u001b[33mclass\u001b[39m=\u001b[32m\"w-32 rounded-lg border border-slate-200 bg-white px-3 py-2 text-sm text-slate-700\"\u001b[39m\n                    \u001b[33mid\u001b[39m=\u001b[32m\"amount\"\u001b[39m\n                    \u001b[33mmin\u001b[39m=\u001b[32m\"0.01\"\u001b[39m\n                    \u001b[33mname\u001b[39m=\u001b[32m\"amount\"\u001b[39m\n                    \u001b[33mplaceholder\u001b[39m=\u001b[32m\"Amount\"\u001b[39m\n                    \u001b[33mrequired\u001b[39m=\u001b[32m\"\"\u001b[39m\n                    \u001b[33mstep\u001b[39m=\u001b[32m\"0.01\"\u001b[39m\n                    \u001b[33mtype\u001b[39m=\u001b[32m\"number\"\u001b[39m\n                  \u001b[36m/>\u001b[39m\n                \u001b[36m</div>\u001b[39m\n                \u001b[36m<input\u001b[39m\n                  \u001b[33mname\u001b[39m=\u001b[32m\"status\"\u001b[39m\n                  \u001b[33mtype\u001b[39m=\u001b[32m\"hidden\"\u001b[39m\n                  \u001b[33mvalue\u001b[39m=\u001b[32m\"pending\"\u001b[39m\n                \u001b[36m/>\u001b[39m\n                \u001b[36m<button\u001b[39m\n                  \u001b[33mclass\u001b[39m=\u001b[32m\"cursor-pointer rounded-lg bg-blue-600 px-4 py-2 text-sm font-medium text-white transition hover:bg-blue-500\"\u001b[39m\n                  \u001b[33mtype\u001b[39m=\u001b[32m\"submit\"\u001b[39m\n                \u001b[36m>\u001b[39m\n                  \u001b[0mAdd order\u001b[0m\n                \u001b[36m</button>\u001b[39m\n              \u001b[36m</div>\u001b[39m\n            \u001b[36m</form>\u001b[39m\n            \u001b[36m<div>\u001b[39m\n              \u001b[36m<div\u001b[39m\n                \u001b[33mclass\u001b[39m=\u001b[32m\"mb-4 flex flex-col gap-3 rounded-xl border border-slate-200 bg-white p-3 shadow-sm lg:flex-row lg:items-center lg:justify-between\"\u001b[39m\n              \u001b[36m>\u001b[39m\n                \u001b[36m<div\u001b[39m\n                  \u001b[33mclass\u001b[39m=\u001b[32m\"flex flex-col gap-2 sm:flex-row sm:items-center\"\u001b[39m\n                \u001b[36m>\u001b[39m\n                  \u001b[36m<input\u001b[39m\n                    \u001b[33maria-label\u001b[39m=\u001b[32m\"Search orders by email\"\u001b[39m\n                    \u001b[33mclass\u001b[39m=\u001b[32m\"w-full rounded-lg border border-slate-200 bg-white px-4 py-2 text-base text-slate-700 outline-none transition focus:border-blue-500 sm:w-64\"\u001b[39m\n                    \u001b[33mplaceholder\u001b[39m=\u001b[32m\"Search by email...\"\u001b[39m\n                    \u001b[33mtype\u001b[39m=\u001b[32m\"search\"\u001b[39m\n                    \u001b[33mvalue\u001b[39m=\u001b[32m\"\"\u001b[39m\n                  \u001b[36m/>\u001b[39m\n                  \u001b[36m<select\u001b[39m\n                    \u001b[33maria-label\u001b[39m=\u001b[32m\"Filter orders by status\"\u001b[39m\n                    \u001b[33mclass\u001b[39m=\u001b[32m\"rounded-lg border border-slate-200 bg-white px-4 py-2 text-base text-slate-700 outline-none transition focus:border-blue-500\"\u001b[39m\n                  \u001b[36m>\u001b[39m\n                    \u001b[36m<option\u001b[39m\n                      \u001b[33mvalue\u001b[39m=\u001b[32m\"\"\u001b[39m\n                    \u001b[36m>\u001b[39m\n                      \u001b[0mAll statuses\u001b[0m\n                    \u001b[36m</option>\u001b[39m\n                    \u001b[36m<option\u001b[39m\n                      \u001b[33mvalue\u001b[39m=\u001b[32m\"pending\"\u001b[39m\n                    \u001b[36m>\u001b[39m\n                      \u001b[0mPending\u001b[0m\n                    \u001b[36m</option>\u001b[39m\n                    \u001b[36m<option\u001b[39m\n                      \u001b[33mvalue\u001b[39m=\u001b[32m\"paid\"\u001b[39m\n                    \u001b[36m>\u001b[39m\n                      \u001b[0mPaid\u001b[0m\n                    \u001b[36m</option>\u001b[39m\n                    \u001b[36m<option\u001b[39m\n                      \u001b[33mvalue\u001b[39m=\u001b[32m\"shipped\"\u001b[39m\n                    \u001b[36m>\u001b[39m\n                      \u001b[0mShipped\u001b[0m\n                    \u001b[36m</option>\u001b[39m\n                  \u001b[36m</select>\u001b[39m\n                \u001b[36m</div>\u001b[39m\n                \u001b[36m<div\u001b[39m\n                  \u001b[33mclass\u001b[39m=\u001b[32m\"flex items-center gap-2\"\u001b[39m\n                \u001b[36m>\u001b[39m\n                  \u001b[36m<span\u001b[39m\n                    \u001b[33mclass\u001b[39m=\u001b[32m\"shrink-0 whitespace-nowrap text-base text-slate-500\"\u001b[39m\n                  \u001b[36m>\u001b[39m\n                    \u001b[0mSort by :\u001b[0m\n                  \u001b[36m</span>\u001b[39m\n                  \u001b[36m<button\u001b[39m\n                    \u001b[33mclass\u001b[39m=\u001b[32m\"cursor-pointer rounded-lg px-4 py-2 text-sm font-medium transition border border-slate-200 bg-slate-100 text-slate-700 hover:bg-slate-200\"\u001b[39m\n                    \u001b[33mtype\u001b[39m=\u001b[32m\"button\"\u001b[39m\n                  \u001b[36m>\u001b[39m\n                    \u001b[0mEmail\u001b[0m\n                  \u001b[36m</button>\u001b[39m\n                  \u001b[36m<button\u001b[39m\n                    \u001b[33mclass\u001b[39m=\u001b[32m\"cursor-pointer rounded-lg px-4 py-2 text-sm font-medium transition border border-slate-200 bg-slate-100 text-slate-700 hover:bg-slate-200\"\u001b[39m\n                    \u001b[33mtype\u001b[39m=\u001b[32m\"button\"\u001b[39m\n                  \u001b[36m>\u001b[39m\n                    \u001b[0mStatus\u001b[0m\n                  \u001b[36m</button>\u001b[39m\n                \u001b[36m</div>\u001b[39m\n              \u001b[36m</div>\u001b[39m\n              \u001b[36m<div\u001b[39m\n                \u001b[33mclass\u001b[39m=\u001b[32m\"w-full overflow-hidden rounded-xl border border-slate-200 bg-slate-50 shadow-sm\"\u001b[39m\n              \u001b[36m>\u001b[39m\n                \u001b[36m<div\u001b[39m\n                  \u001b[33mclass\u001b[39m=\u001b[32m\"hidden border-b border-slate-200 bg-slate-100 px-5 py-3 text-sm font-semibold text-slate-600 lg:grid lg:grid-cols-[140px_110px_220px_auto] lg:items-center lg:gap-4\"\u001b[39m\n                \u001b[36m>\u001b[39m\n                  \u001b[36m<span>\u001b[39m\n                    \u001b[0mReference\u001b[0m\n                  \u001b[36m</span>\u001b[39m\n                  \u001b[36m<span>\u001b[39m\n                    \u001b[0mAmount\u001b[0m\n                  \u001b[36m</span>\u001b[39m\n                  \u001b[36m<span>\u001b[39m\n                    \u001b[0mCustomer\u001b[0m\n                  \u001b[36m</span>\u001b[39m\n                  \u001b[36m<span>\u001b[39m\n                    \u001b[0mStatus / Actions\u001b[0m\n                  \u001b[36m</span>\u001b[39m\n                \u001b[36m</div>\u001b[39m\n                \u001b[36m<div\u001b[39m\n                  \u001b[33mclass\u001b[39m=\u001b[32m\"grid gap-4 border-b border-slate-200 px-5 py-4 text-base last:border-b-0 lg:grid-cols-[140px_110px_220px_auto] lg:items-center\"\u001b[39m\n                \u001b[36m>\u001b[39m\n                  \u001b[36m<div>\u001b[39m\n                    \u001b[0mORD-TEST-001\u001b[0m\n                  \u001b[36m</div>\u001b[39m\n                  \u001b[36m<div>\u001b[39m\n                    \u001b[0m$49.90\u001b[0m\n                  \u001b[36m</div>\u001b[39m\n                  \u001b[36m<div>\u001b[39m\n                    \u001b[36m<a\u001b[39m\n                      \u001b[33mclass\u001b[39m=\u001b[32m\"text-sm font-medium text-gray-800 hover:underline\"\u001b[39m\n                      \u001b[33mhref\u001b[39m=\u001b[32m\"/orders/1\"\u001b[39m\n                    \u001b[36m>\u001b[39m\n                      \u001b[0mjohn@example.com\u001b[0m\n                    \u001b[36m</a>\u001b[39m\n                  \u001b[36m</div>\u001b[39m\n                  \u001b[36m<div>\u001b[39m\n                    \u001b[36m<div\u001b[39m\n                      \u001b[33mclass\u001b[39m=\u001b[32m\"flex items-center gap-2\"\u001b[39m\n                    \u001b[36m>\u001b[39m\n                      \u001b[36m<form\u001b[39m\n                        \u001b[33maction\u001b[39m=\u001b[32m\"javascript:throw new Error('A React form was unexpectedly submitted. If you called form.submit() manually, consider using form.requestSubmit() instead. If you\\\\'re trying to use event.stopPropagation() in a submit event handler, consider also calling event.preventDefault().')\"\u001b[39m\n                        \u001b[33mclass\u001b[39m=\u001b[32m\"flex items-center gap-2\"\u001b[39m\n                      \u001b[36m>\u001b[39m\n                        \u001b[36m<input\u001b[39m\n                          \u001b[33mname\u001b[39m=\u001b[32m\"id\"\u001b[39m\n                          \u001b[33mtype\u001b[39m=\u001b[32m\"hidden\"\u001b[39m\n                          \u001b[33mvalue\u001b[39m=\u001b[32m\"1\"\u001b[39m\n                        \u001b[36m/>\u001b[39m\n                        \u001b[36m<select\u001b[39m\n                          \u001b[33maria-label\u001b[39m=\u001b[32m\"Order status\"\u001b[39m\n                          \u001b[33mclass\u001b[39m=\u001b[32m\"rounded-lg border border-slate-200 bg-white px-3 py-2 text-sm text-slate-700\"\u001b[39m\n                          \u001b[33mname\u001b[39m=\u001b[32m\"status\"\u001b[39m\n                          \u001b[33mrequired\u001b[39m=\u001b[32m\"\"\u001b[39m\n                        \u001b[36m>\u001b[39m\n                          \u001b[36m<option\u001b[39m\n                            \u001b[33mselected\u001b[39m=\u001b[32m\"\"\u001b[39m\n                            \u001b[33mvalue\u001b[39m=\u001b[32m\"pending\"\u001b[39m\n                          \u001b[36m>\u001b[39m\n                            \u001b[0mPending\u001b[0m\n                          \u001b[36m</option>\u001b[39m\n                          \u001b[36m<option\u001b[39m\n                            \u001b[33mvalue\u001b[39m=\u001b[32m\"paid\"\u001b[39m\n                          \u001b[36m>\u001b[39m\n                            \u001b[0mPaid\u001b[0m\n                          \u001b[36m</option>\u001b[39m\n                          \u001b[36m<option\u001b[39m\n                            \u001b[33mvalue\u001b[39m=\u001b[32m\"shipped\"\u001b[39m\n                          \u001b[36m>\u001b[39m\n                            \u001b[0mShipped\u001b[0m\n                          \u001b[36m</option>\u001b[39m\n                        \u001b[36m</select>\u001b[39m\n                        \u001b[36m<button\u001b[39m\n                          \u001b[33mclass\u001b[39m=\u001b[32m\"cursor-pointer rounded-lg border border-slate-700 bg-slate-700 px-4 py-2 text-sm font-medium text-white transition hover:bg-slate-600\"\u001b[39m\n                          \u001b[33mtype\u001b[39m=\u001b[32m\"submit\"\u001b[39m\n                        \u001b[36m>\u001b[39m\n                          \u001b[0mUpdate\u001b[0m\n                        \u001b[36m</button>\u001b[39m\n                      \u001b[36m</form>\u001b[39m\n                      \u001b[36m<form\u001b[39m\n                        \u001b[33maction\u001b[39m=\u001b[32m\"javascript:throw new Error('A React form was unexpectedly submitted. If you called form.submit() manually, consider using form.requestSubmit() instead. If you\\\\'re trying to use event.stopPropagation() in a submit event handler, consider also calling event.preventDefault().')\"\u001b[39m\n                      \u001b[36m>\u001b[39m\n                        \u001b[36m<input\u001b[39m\n                          \u001b[33mname\u001b[39m=\u001b[32m\"id\"\u001b[39m\n                          \u001b[33mtype\u001b[39m=\u001b[32m\"hidden\"\u001b[39m\n                          \u001b[33mvalue\u001b[39m=\u001b[32m\"1\"\u001b[39m\n                        \u001b[36m/>\u001b[39m\n                        \u001b[36m<button\u001b[39m\n                          \u001b[33mclass\u001b[39m=\u001b[32m\"cursor-pointer rounded-lg border border-red-200 px-4 py-2 text-base font-medium text-red-600 transition hover:bg-red-50\"\u001b[39m\n                          \u001b[33mtype\u001b[39m=\u001b[32m\"submit\"\u001b[39m\n                        \u001b[36m>\u001b[39m\n                          \u001b[0mDelete\u001b[0m\n                        \u001b[36m</button>\u001b[39m\n                      \u001b[36m</form>\u001b[39m\n                    \u001b[36m</div>\u001b[39m\n                  \u001b[36m</div>\u001b[39m\n                \u001b[36m</div>\u001b[39m\n              \u001b[36m</div>\u001b[39m\n              \u001b[36m<div\u001b[39m\n                \u001b[33mclass\u001b[39m=\u001b[32m\"mt-4 flex items-center gap-3\"\u001b[39m\n              \u001b[36m>\u001b[39m\n                \u001b[36m<button\u001b[39m\n                  \u001b[33mclass\u001b[39m=\u001b[32m\"cursor-pointer rounded-lg border border-slate-200 bg-white px-4 py-2 text-base font-medium text-slate-700 transition hover:bg-slate-100 disabled:cursor-not-allowed disabled:opacity-40\"\u001b[39m\n                  \u001b[33mdisabled\u001b[39m=\u001b[32m\"\"\u001b[39m\n                  \u001b[33mtype\u001b[39m=\u001b[32m\"button\"\u001b[39m\n                \u001b[36m>\u001b[39m\n                  \u001b[0mPrevious\u001b[0m\n                \u001b[36m</button>\u001b[39m\n                \u001b[36m<span\u001b[39m\n                  \u001b[33mclass\u001b[39m=\u001b[32m\"text-base text-slate-600\"\u001b[39m\n                \u001b[36m>\u001b[39m\n                  \u001b[0mPage \u001b[0m\n                  \u001b[0m1\u001b[0m\n                  \u001b[0m of \u001b[0m\n                  \u001b[0m1\u001b[0m\n                \u001b[36m</span>\u001b[39m\n                \u001b[36m<button\u001b[39m\n                  \u001b[33mclass\u001b[39m=\u001b[32m\"cursor-pointer rounded-lg border border-slate-200 bg-white px-4 py-2 text-base font-medium text-slate-700 transition hover:bg-slate-100 disabled:cursor-not-allowed disabled:opacity-40\"\u001b[39m\n                  \u001b[33mdisabled\u001b[39m=\u001b[32m\"\"\u001b[39m\n                  \u001b[33mtype\u001b[39m=\u001b[32m\"button\"\u001b[39m\n                \u001b[36m>\u001b[39m\n                  \u001b[0mNext\u001b[0m\n                \u001b[36m</button>\u001b[39m\n              \u001b[36m</div>\u001b[39m\n            \u001b[36m</div>\u001b[39m\n          \u001b[36m</div>\u001b[39m\n        \u001b[36m</div>\u001b[39m\n      \u001b[36m</div>\u001b[39m\n    \u001b[36m</body>\u001b[39m\n\n    \u001b[0m \u001b[90m 203 |\u001b[39m\n     \u001b[90m 204 |\u001b[39m   expect(screen\u001b[33m.\u001b[39mgetByText(\u001b[32m\"ORD-TEST-001\"\u001b[39m))\u001b[33m.\u001b[39mtoBeInTheDocument()\u001b[33m;\u001b[39m\n    \u001b[31m\u001b[1m>\u001b[22m\u001b[39m\u001b[90m 205 |\u001b[39m   expect(screen\u001b[33m.\u001b[39mgetByText(\u001b[32m\"49.90 €\"\u001b[39m))\u001b[33m.\u001b[39mtoBeInTheDocument()\u001b[33m;\u001b[39m\n     \u001b[90m     |\u001b[39m                 \u001b[31m\u001b[1m^\u001b[22m\u001b[39m\n     \u001b[90m 206 |\u001b[39m })\u001b[33m;\u001b[39m\n     \u001b[90m 207 |\u001b[39m\u001b[0m\n\n      at Object.getElementError (node_modules/@testing-library/dom/dist/config.js:37:19)\n      at node_modules/@testing-library/dom/dist/query-helpers.js:76:38\n      at node_modules/@testing-library/dom/dist/query-helpers.js:52:17\n      at getByText (node_modules/@testing-library/dom/dist/query-helpers.js:95:19)\n      at Object.<anonymous> (C:\\Users\\ASUS-16\\Documents\\projets\\admin-dashboard\\app\\(dashboard)../../../../../orders/page.test.tsx:205:17)\n","name":"C:\\Users\\ASUS-16\\Documents\\projets\\admin-dashboard\\app\\(dashboard)\\orders\\page.test.tsx","startTime":1789140645127,"status":"failed","summary":""},{"assertionResults":[{"ancestorTitles":[],"duration":18,"failureDetails":[],"failureMessages":[],"fullName":"displays the navigation links","invocations":1,"location":null,"numPassingAsserts":3,"retryReasons":[],"status":"passed","title":"displays the navigation links"},{"ancestorTitles":[],"duration":5,"failureDetails":[],"failureMessages":[],"fullName":"marks Dashboard as active on dashboard route","invocations":1,"location":null,"numPassingAsserts":1,"retryReasons":[],"status":"passed","title":"marks Dashboard as active on dashboard route"},{"ancestorTitles":[],"duration":4,"failureDetails":[],"failureMessages":[],"fullName":"marks Users as active on users route","invocations":1,"location":null,"numPassingAsserts":1,"retryReasons":[],"status":"passed","title":"marks Users as active on users route"},{"ancestorTitles":[],"duration":3,"failureDetails":[],"failureMessages":[],"fullName":"marks Orders as active on order detail route","invocations":1,"location":null,"numPassingAsserts":1,"retryReasons":[],"status":"passed","title":"marks Orders as active on order detail route"}],"endTime":1789140645960,"message":"","name":"C:\\Users\\ASUS-16\\Documents\\projets\\admin-dashboard\\app\\(dashboard)\\SidebarNav.test.tsx","startTime":1789140645816,"status":"passed","summary":""},{"assertionResults":[{"ancestorTitles":[],"duration":8,"failureDetails":[],"failureMessages":[],"fullName":"displays users from the database","invocations":1,"location":null,"numPassingAsserts":2,"retryReasons":[],"status":"passed","title":"displays users from the database"},{"ancestorTitles":[],"duration":14,"failureDetails":[],"failureMessages":[],"fullName":"displays Make admin for a regular user","invocations":1,"location":null,"numPassingAsserts":1,"retryReasons":[],"status":"passed","title":"displays Make admin for a regular user"},{"ancestorTitles":[],"duration":9,"failureDetails":[],"failureMessages":[],"fullName":"displays Remove admin for an admin user","invocations":1,"location":null,"numPassingAsserts":1,"retryReasons":[],"status":"passed","title":"displays Remove admin for an admin user"},{"ancestorTitles":[],"duration":2,"failureDetails":[],"failureMessages":[],"fullName":"displays the empty state when there are no users","invocations":1,"location":null,"numPassingAsserts":1,"retryReasons":[],"status":"passed","title":"displays the empty state when there are no users"},{"ancestorTitles":[],"duration":8,"failureDetails":[],"failureMessages":[],"fullName":"filters users by name or email","invocations":1,"location":null,"numPassingAsserts":2,"retryReasons":[],"status":"passed","title":"filters users by name or email"},{"ancestorTitles":[],"duration":6,"failureDetails":[],"failureMessages":[],"fullName":"filters users by role","invocations":1,"location":null,"numPassingAsserts":2,"retryReasons":[],"status":"passed","title":"filters users by role"},{"ancestorTitles":[],"duration":11,"failureDetails":[],"failureMessages":[],"fullName":"sorts users by email","invocations":1,"location":null,"numPassingAsserts":1,"retryReasons":[],"status":"passed","title":"sorts users by email"},{"ancestorTitles":[],"duration":12,"failureDetails":[],"failureMessages":[],"fullName":"sorts users by role","invocations":1,"location":null,"numPassingAsserts":1,"retryReasons":[],"status":"passed","title":"sorts users by role"},{"ancestorTitles":[],"duration":22,"failureDetails":[],"failureMessages":[],"fullName":"paginates users","invocations":1,"location":null,"numPassingAsserts":5,"retryReasons":[],"status":"passed","title":"paginates users"}],"endTime":1789140646143,"message":"","name":"C:\\Users\\ASUS-16\\Documents\\projets\\admin-dashboard\\app\\(dashboard)\\users\\page.test.tsx","startTime":1789140645966,"status":"passed","summary":""},{"assertionResults":[{"ancestorTitles":[],"duration":15,"failureDetails":[],"failureMessages":[],"fullName":"displays the users count","invocations":1,"location":null,"numPassingAsserts":1,"retryReasons":[],"status":"passed","title":"displays the users count"},{"ancestorTitles":[],"duration":3,"failureDetails":[],"failureMessages":[],"fullName":"displays the orders count","invocations":1,"location":null,"numPassingAsserts":1,"retryReasons":[],"status":"passed","title":"displays the orders count"},{"ancestorTitles":[],"duration":4,"failureDetails":[],"failureMessages":[],"fullName":"displays the orders status breakdown","invocations":1,"location":null,"numPassingAsserts":3,"retryReasons":[],"status":"passed","title":"displays the orders status breakdown"},{"ancestorTitles":[],"duration":3,"failureDetails":[],"failureMessages":[],"fullName":"displays sales from paid orders","invocations":1,"location":null,"numPassingAsserts":2,"retryReasons":[],"status":"passed","title":"displays sales from paid orders"},{"ancestorTitles":[],"duration":4,"failureDetails":[],"failureMessages":[],"fullName":"displays recent orders","invocations":1,"location":null,"numPassingAsserts":4,"retryReasons":[],"status":"passed","title":"displays recent orders"}],"endTime":1789140646250,"message":"","name":"C:\\Users\\ASUS-16\\Documents\\projets\\admin-dashboard\\app\\(dashboard)\\dashboard\\page.test.tsx","startTime":1789140646149,"status":"passed","summary":""},{"assertionResults":[{"ancestorTitles":[],"duration":12,"failureDetails":[],"failureMessages":[],"fullName":"displays the login page heading","invocations":1,"location":null,"numPassingAsserts":2,"retryReasons":[],"status":"passed","title":"displays the login page heading"},{"ancestorTitles":[],"duration":5,"failureDetails":[],"failureMessages":[],"fullName":"prefills the username field","invocations":1,"location":null,"numPassingAsserts":1,"retryReasons":[],"status":"passed","title":"prefills the username field"},{"ancestorTitles":[],"duration":4,"failureDetails":[],"failureMessages":[],"fullName":"prefills the password field","invocations":1,"location":null,"numPassingAsserts":1,"retryReasons":[],"status":"passed","title":"prefills the password field"}],"endTime":1789140646370,"message":"","name":"C:\\Users\\ASUS-16\\Documents\\projets\\admin-dashboard\\app\\login\\page.test.tsx","startTime":1789140646255,"status":"passed","summary":""},{"assertionResults":[{"ancestorTitles":[],"duration":4,"failureDetails":[],"failureMessages":[],"fullName":"displays the sign in button","invocations":1,"location":null,"numPassingAsserts":1,"retryReasons":[],"status":"passed","title":"displays the sign in button"},{"ancestorTitles":[],"duration":2,"failureDetails":[],"failureMessages":[],"fullName":"displays the loading state","invocations":1,"location":null,"numPassingAsserts":1,"retryReasons":[],"status":"passed","title":"displays the loading state"}],"endTime":1789140646444,"message":"","name":"C:\\Users\\ASUS-16\\Documents\\projets\\admin-dashboard\\app\\login\\LoginButton.test.tsx","startTime":1789140646376,"status":"passed","summary":""},{"assertionResults":[{"ancestorTitles":[],"duration":1,"failureDetails":[],"failureMessages":[],"fullName":"redirects unauthenticated dashboard requests to login","invocations":1,"location":null,"numPassingAsserts":1,"retryReasons":[],"status":"passed","title":"redirects unauthenticated dashboard requests to login"},{"ancestorTitles":[],"duration":0,"failureDetails":[],"failureMessages":[],"fullName":"allows authenticated dashboard requests","invocations":1,"location":null,"numPassingAsserts":1,"retryReasons":[],"status":"passed","title":"allows authenticated dashboard requests"},{"ancestorTitles":[],"duration":1,"failureDetails":[],"failureMessages":[],"fullName":"redirects unauthenticated users requests to login","invocations":1,"location":null,"numPassingAsserts":1,"retryReasons":[],"status":"passed","title":"redirects unauthenticated users requests to login"},{"ancestorTitles":[],"duration":0,"failureDetails":[],"failureMessages":[],"fullName":"redirects unauthenticated orders requests to login","invocations":1,"location":null,"numPassingAsserts":1,"retryReasons":[],"status":"passed","title":"redirects unauthenticated orders requests to login"}],"endTime":1789140646516,"message":"","name":"C:\\Users\\ASUS-16\\Documents\\projets\\admin-dashboard\\proxy.test.ts","startTime":1789140646456,"status":"passed","summary":""}],"wasInterrupted":false}
